[INFO  - 2018-01-07T04:51:55.903Z] GhostDriver - Main - running on port 35551
[INFO  - 2018-01-07T04:51:56.820Z] Session [7d0a72e0-f366-11e7-8eb6-d7316da88266] - page.settings - {"XSSAuditingEnabled":false,"javascriptCanCloseWindows":true,"javascriptCanOpenWindows":true,"javascriptEnabled":true,"loadImages":true,"localToRemoteUrlAccessEnabled":false,"userAgent":"Mozilla/5.0 (Unknown; Linux x86_64) AppleWebKit/538.1 (KHTML, like Gecko) PhantomJS/2.1.1 Safari/538.1","webSecurityEnabled":true}
[INFO  - 2018-01-07T04:51:56.820Z] Session [7d0a72e0-f366-11e7-8eb6-d7316da88266] - page.customHeaders:  - {}
[INFO  - 2018-01-07T04:51:56.820Z] Session [7d0a72e0-f366-11e7-8eb6-d7316da88266] - Session.negotiatedCapabilities - {"browserName":"phantomjs","version":"2.1.1","driverName":"ghostdriver","driverVersion":"1.2.0","platform":"linux-unknown-64bit","javascriptEnabled":true,"takesScreenshot":true,"handlesAlerts":false,"databaseEnabled":false,"locationContextEnabled":false,"applicationCacheEnabled":false,"browserConnectionEnabled":false,"cssSelectorsEnabled":true,"webStorageEnabled":false,"rotatable":false,"acceptSslCerts":false,"nativeEvents":true,"proxy":{"proxyType":"direct"}}
[INFO  - 2018-01-07T04:51:56.821Z] SessionManagerReqHand - _postNewSessionCommand - New Session Created: 7d0a72e0-f366-11e7-8eb6-d7316da88266
[ERROR - 2018-01-07T04:51:57.721Z] Session [7d0a72e0-f366-11e7-8eb6-d7316da88266] - page.onError - msg: TypeError: null is not an object (evaluating 'da_ua.match(/Version\/([0-9\.]+)/i)[1]')

  phantomjs://platform/console++.js:263 in error
[ERROR - 2018-01-07T04:51:57.721Z] Session [7d0a72e0-f366-11e7-8eb6-d7316da88266] - page.onError - stack:
  searchBrowserVersion (https://ssl.pstatic.net/tveta/libs/assets/js/pc/main/min/pc.veta.core.min.js?20170421:1)
  init (https://ssl.pstatic.net/tveta/libs/assets/js/pc/main/min/pc.veta.core.min.js?20170421:1)

  phantomjs://platform/console++.js:263 in error
[ERROR - 2018-01-07T04:51:57.730Z] Session [7d0a72e0-f366-11e7-8eb6-d7316da88266] - page.onError - msg: TypeError: null is not an object (evaluating 'da_ua.match(/Version\/([0-9\.]+)/i)[1]')

  phantomjs://platform/console++.js:263 in error
[ERROR - 2018-01-07T04:51:57.730Z] Session [7d0a72e0-f366-11e7-8eb6-d7316da88266] - page.onError - stack:
  searchBrowserVersion (https://ssl.pstatic.net/tveta/libs/assets/js/pc/main/min/pc.veta.core.min.js?20170222:1)
  init (https://ssl.pstatic.net/tveta/libs/assets/js/pc/main/min/pc.veta.core.min.js?20170222:1)

  phantomjs://platform/console++.js:263 in error
[ERROR - 2018-01-07T04:51:57.733Z] Session [7d0a72e0-f366-11e7-8eb6-d7316da88266] - page.onError - msg: TypeError: null is not an object (evaluating 'da_ua.match(/Version\/([0-9\.]+)/i)[1]')

  phantomjs://platform/console++.js:263 in error
[ERROR - 2018-01-07T04:51:57.733Z] Session [7d0a72e0-f366-11e7-8eb6-d7316da88266] - page.onError - stack:
  searchBrowserVersion (https://ssl.pstatic.net/tveta/libs/assets/js/pc/main/min/pc.veta.core.min.js?20170323:1)
  init (https://ssl.pstatic.net/tveta/libs/assets/js/pc/main/min/pc.veta.core.min.js?20170323:1)

  phantomjs://platform/console++.js:263 in error
[ERROR - 2018-01-07T04:51:57.735Z] Session [7d0a72e0-f366-11e7-8eb6-d7316da88266] - page.onError - msg: TypeError: undefined is not a constructor (evaluating 'new Nimp')

  phantomjs://platform/console++.js:263 in error
[ERROR - 2018-01-07T04:51:57.735Z] Session [7d0a72e0-f366-11e7-8eb6-d7316da88266] - page.onError - stack:
  lazyLoading (https://nv.veta.naver.com/fxshow?su=SU10078&nrefreshx=0:30)
  onload (https://nv.veta.naver.com/fxshow?su=SU10078&nrefreshx=0:162)

  phantomjs://platform/console++.js:263 in error
[ERROR - 2018-01-07T04:51:57.912Z] Session [7d0a72e0-f366-11e7-8eb6-d7316da88266] - page.onError - msg: TypeError: undefined is not a constructor (evaluating 'new Nimp')

  phantomjs://platform/console++.js:263 in error
[ERROR - 2018-01-07T04:51:57.912Z] Session [7d0a72e0-f366-11e7-8eb6-d7316da88266] - page.onError - stack:
  initAd (https://nv.veta.naver.com/fxshow?su=SU10079&nrefreshx=0:28)
  onload (https://nv.veta.naver.com/fxshow?su=SU10079&nrefreshx=0:112)

  phantomjs://platform/console++.js:263 in error
[ERROR - 2018-01-07T04:51:58.053Z] Session [7d0a72e0-f366-11e7-8eb6-d7316da88266] - page.onError - msg: TypeError: null is not an object (evaluating 'da_ua.match(/Version\/([0-9\.]+)/i)[1]')

  phantomjs://platform/console++.js:263 in error
[ERROR - 2018-01-07T04:51:58.053Z] Session [7d0a72e0-f366-11e7-8eb6-d7316da88266] - page.onError - stack:
  searchBrowserVersion (https://ssl.pstatic.net/tveta/libs/assets/js/pc/main/min/pc.veta.core.min.js?201801021539?20170914:1)
  init (https://ssl.pstatic.net/tveta/libs/assets/js/pc/main/min/pc.veta.core.min.js?201801021539?20170914:1)

  phantomjs://platform/console++.js:263 in error
[ERROR - 2018-01-07T04:51:58.114Z] Session [7d0a72e0-f366-11e7-8eb6-d7316da88266] - page.onError - msg: TypeError: undefined is not a constructor (evaluating 'new NBP_CORP.Nimp()')

  phantomjs://platform/console++.js:263 in error
[ERROR - 2018-01-07T04:51:58.114Z] Session [7d0a72e0-f366-11e7-8eb6-d7316da88266] - page.onError - stack:
  (anonymous function) (undefined:8)

  phantomjs://platform/console++.js:263 in error
